Case #1: CAB
Case #2: MJA
Case #3: OCDE
Case #4: BBAAA
Case #5: CCCABBBAB
Case #6: CCCBAABAB
Case #7: ZXCASDQWE
Case #8: ZTRQGLQFGBQLXTS
Case #9: MMHCBALKJIGFEDA
Case #10: CCCCCBBBAABAAAB
Case #11: BB
Case #12: ZABYCXDWEU
Case #13: CCCCCCCAAAABBAA
Case #14: BAA
Case #15: BAAA
Case #16: MMLKGECBAJIHFDA
Case #17: CCCCCAAAABBBBBA
Case #18: ZACBA
Case #19: BAAA
Case #20: DCCBBAAAAAAAA
Case #21: MMKAJIHGFBACDEL
Case #22: BBBBBAAAAAAAA
Case #23: CCCCCBBBBBAAAAA
Case #24: CCCCCBBBBBAAAAA
Case #25: Z
Case #26: ZADBC
Case #27: CCCCCBAAAAAAABA
Case #28: CCCCCBBABBAABAA
Case #29: CAB
Case #30: MMLAKHGECABDFIJ
Case #31: ZDCBA
Case #32: CBA
Case #33: CCBBBAAAAAAABBB
Case #34: YYXWBRKMPKQDNMQ
Case #35: ZAAAA
Case #36: CCCCCCCAAABAAAB
Case #37: ZYGFWNWXBKJLFTM
Case #38: BAAA
Case #39: CBAAAAAAAAAAB
Case #40: CCCCAABBBBABAAA
Case #41: CCCCCBBAAABBAAB
Case #42: CCCCCBBBBABAAAA
Case #43: CCCCCCCAAAABBAB
Case #44: CCCCCBBBBBAAAAA
Case #45: ONMJDGAFCHILKEB
Case #46: CCCCBBBABAABBBA
Case #47: CCCCCBBBBAAAAAB
Case #48: BAA
Case #49: CCCCAABAABABAAB
Case #50: ONMJEIKGBHLADFC
Case #51: RRBAACADABA
Case #52: CCCCCBBBBBAAAAA
Case #53: CCCBBBBBAAABBB
Case #54: CCCCCCBBBBBAAAA
Case #55: CCCCCCAABBAAABA
Case #56: CBA
Case #57: A
Case #58: MMDFKLAJIHGECBA
Case #59: ONMLFEDCBAJIHKG
Case #60: OLDBENKJIHCMAFG
Case #61: CCCCCBBBBBAAAAA
Case #62: BAAA
Case #63: BBA
Case #64: OMKEJINFGBLDCHA
Case #65: CCCCCBABBBBABBA
Case #66: OMHFEDCBAIKLGNJ
Case #67: CCCCCCBABBBBABA
Case #68: ZDABC
Case #69: CBA
Case #70: BAA
Case #71: BBB
Case #72: OMBCKJIHELGDFNA
Case #73: AA
Case #74: AAA
Case #75: CCCCBBBAABBBBBA
Case #76: BBA
Case #77: MMLKECABDFGHIJA
Case #78: CCCBBBAAABABAA
Case #79: CBAAAAAAAAAAAA
Case #80: YVPJLJHNXDLGQBP
Case #81: CCABBBBAAAABBAA
Case #82: OIEDCBAHNGJLMKF
Case #83: CBBAAAAABABBB
Case #84: ZABCD
Case #85: DCBBAAAAAAAAA
Case #86: ONGELJIACFKMDBH
Case #87: XXTRNFHNSBRHRKL
Case #88: DCBBBBBBBAAAAB
Case #89: ZAYBXCWDUE
Case #90: ONMBHKJILGFEDCA
Case #91: BA
Case #92: DDCCCCBBABABB
Case #93: CCCCCABBBBABAAA
Case #94: CCCCCCCABABABAB
Case #95: DCBBBBAAAAAABA
Case #96: CCCCCAAAAABBBBB
Case #97: BA
Case #98: ZEDCBAYXWU
Case #99: CBA
Case #100: BBA
