Case #1: 2
Case #2: 1
Case #3: 1 2
Case #4: 2 3
Case #5: 2234152501943160
Case #6: 6
Case #7: 2 204 406 608 810 1012 1214 1416 1618 1820 2022 2224 2426 2628 2830 3032 3234 3436 3638 3840 4042 4244 4446 4648 4850 5052 5254 5456 5658 5860 6062 6264 6466 6668 6870 7072 7274 7476 7678 7880 8082 8284 8486 8688 8890 9092 9294 9496 9698 9900
Case #8: 7038516 2118593052 4230147588 6341702124 8453256660 10564811196 12676365732 14787920268 127398
Case #9: 28 1981 3934 5887 7840 9793 11746 13699 25
Case #10: 1
Case #11: 28
Case #12: 17314054 6562026124 13106738194 19651450264 26196162334 32740874404 39285586474 45830298544 52375010614 58919722684 15982528
Case #13: 103 30406 60709 91012 121315 151618 181921 212224 242527 272830 303133 333436 363739 394042 424345 454648 484951 515254 545557 575860 606163 636466 666769 697072 727375 757678 787981 818284 848587 878890 909193 939496 969799 100
Case #14: 35616251531027 27282048672765998 54528481094000969 81774913515235940 109021345936470911 136267778357705882 163514210778940853 190760643200175824 218007075621410795 4483543866
Case #15: 239424916 77334247595 154429070274 231523892953 308618715632 385713538311 209510349
Case #16: 964 112688 224412 336136 447860 559584 671308 870
Case #17: 69036573603132 19123130888067432
Case #18: 1
Case #19: 1
Case #20: 3367 757367 1511367 2265367 3019367 3773367 4527367 5281367 6035367 6789367 7543367 8297367 9051367 9805367 57
Case #21: 2
Case #22: 10204 4050608 8091012 12131416 16171820 20212224 24252628 28293032 32333436 36373840 40414244 44454648 48495052 52535456 56575860 60616264 64656668 68697072 72737476 76777880 80818284 84858688 88899092 92939496 96979900
Case #23: 6
Case #24: 2
Case #25: 1 2 3 4 5 6 7 8 9 10 11 12 13 14 15 16 17 18 19
Case #26: 1
Case #27: 1235 56790
Case #28: 875180870876167 315940294386296071 22040660860
Case #29: 20948517275446 9447781291225796 18874614065176146 28301446839126496 8426275906
Case #30: 16269262808 6393820283216 12771371303624 19148922324032 25526473344440 31904024364848 2450
Case #31: 1 2 3 4
Case #32: 123456790
Case #33: 102030406 60708091012 121314151618 181920212224 242526272830 303132333436 363738394042 424344454648 484950515254 545556575860 606162636466 666768697072 727374757678 787980818284 848586878890 909192939496 96979900
Case #34: 697229 303991434 607285639 910579844 1213874049 1517168254 1820462459 2123756664 2427050869 2730345074 3033639279 3336933484 3640227689 3943521894 4246816099 4550110304 4853404509 665896
Case #35: 70107316 37928057452 75786007588 113643957724 151501907860 189359857996 227217808132 265075758268 302933708404 340791658540 378649608676 416507558812 454365508948 492223459084 530081409220 91
Case #36: 50994054 25446032484 50841070914 76236109344 101631147774 127026186204 152421224634 177816263064 203211301494 228606339924 254001378354 279396416784 304791455214 330186493644
Case #37: 353015 122142870 243932725 365722580 487512435 609302290 731092145 852882000 974671855 1096461710 1218251565 1340041420 1461831275 1583621130
Case #38: 342392
Case #39: 343955644822656 151684439366790977 303024923088759298 6592553892293
Case #40: 6
Case #41: 25739395280 10939242993640 21852746592000 32766250190360 43679753788720 54593257387080 22464595674
Case #42: 679588849 271835539250 542991489651 814147440052 1085303390453 1356459340854 1627615291255 1898771241656 3306
Case #43: 54 8013 15972 23931 31890 39849 47808 55767 63726 71685 79644 87603 95562 103521 111480 119439 127398
Case #44: 623749 57384866
Case #45: 1020305 506070810 1011121315 1516171820 2021222325 2526272830 3031323335 3536373840 4041424345 4546474850 5051525355 5556575860 6061626365 6566676870 7071727375 7576777880 8081828385 8586878890 9091929395 9596979900
Case #46: 1 2 3
Case #47: 28
Case #48: 2
Case #49: 34632060025006 16658020872027506 33281409684030006 49904798496032506 1357718108327245
Case #50: 5350 56
Case #51: 6
Case #52: 182821247333 108412999667941 216643178088549 324873356509157 433103534929765 541333713350373 649563891770981 757794070191589 866024248612197 410550
Case #53: 1895663686006 627464680067756 1253033696449506 1216078
Case #54: 8865 850970 1693075 2535180
Case #55: 246207 75339062 150431917 225524772 300617627 375710482 450803337 525896192 600989047 676081902 751174757 826267612 3782
Case #56: 2
Case #57: 1 2 3 4 5 6 7 8 9 10 11 12 13 14 15 16 17 18 19 20 21 22 23 24 25 26 27 28 29 30 31 32 33 34 35 36 37 38 39 40 41 42 43 44 45 46 47 48 49 50 51 52 53 54 55 56 57
Case #58: 2 42 82 122 162 202 242 282 322 19
Case #59: 4627 1225907 2447187 3668467 4889747 6111027 7332307 8553587 9774867 10996147 12217427 13438707 14659987 15881267 17102547 18323827 291718
Case #60: 12445558292 156
Case #61: 1 2 3 4 5 6 7 8 9 10 11 12 13 14 15 16 17 18 19 20 21 22 23 24 25 26 27 28 29 30 31 32 33 34 35 36 37 38 39 40 41 42 43 44 45 46 47 48 49 50 51 52 53 54 55 56 57 58 59 60 61 62 63 64 65 66 67 68 69 70 71 72 73 74 75 76 77 78 79 80 81 82 83 84 85
Case #62: 213943263773 130291447637213 260368952010653 390446456384093 520523960757533 650601465130973 780678969504413 910756473877853 1040833978251293 2564790459
Case #63: 2
Case #64: 1 2 3 4 5 6 7 8 9 10 11 12 13 14 15 16 17 18 19 20 21 22 23 24 25 26 27 28 29 30 31 32 33 34 35 36 37 38 39 40 41 42 43 44 45 46 47 48 49 50 51 52 53 54 55 56 57 58 59 60 61 62 63 64 65 66 67 68 69 70 71 72 73 74 75 76 77 78 79 80 81 82 83 84 85 86 87 88 89 90 91 92 93 94 95 96 97 98 99 100
Case #65: 2
Case #66: 28
Case #67: 42799 8
Case #68: 6622738309 1437134212918 4588233100
Case #69: 41619574 9364403975 18687188376 28009972777 34281687
Case #70: 226925207756233 879335180
Case #71: 208081880 38495147680 76782213480
Case #72: 1 2 3 4 5 6 7 8 9 10 11 12 13 14 15 16
Case #73: 268822560488 170164680788336 340060539016184 509956397244032 679852255471880 849748113699728 1019643971927576 1189539830155424 1359435688383272 1529331546611120
Case #74: 18923044006 180266892895
Case #75: 1 2 3 4 5 6 7 8 9 10 11 12 13 14 15 16 17 18 19 20 21 22 23 24 25 26 27 28 29 30 31
Case #76: 29 2138 4247 6356 8465 10574 12683 14792 650
Case #77: 2466070017848408 1933497
Case #78: 1041397442017495 24564894046110
Case #79: 1
Case #80: 2
Case #81: 2 108 214 320 426 532 638 744 850 956 1062 1168 1274 1380 1486 1592 1698 1804 1910 2016 2122 2228 2334 2440 2546 2652
Case #82: 702128418550 204319369797860 407936611177170
Case #83: 770411 347454936 694139461 1040823986 1387508511 1734193036 2080877561 2427562086 2774246611 3120931136 3467615661 3814300186 4160984711 4507669236 4854353761 5201038286 5547722811 5894407336 91
Case #84: 195
Case #85: 7 4
Case #86: 1 2 3 4 5 6 7 8 9 10 11 12 13 14 15 16 17 18 19 20 21 22 23 24 25 26 27 28 29 30 31 32 33 34 35 36 37 38 39 40 41 42 43 44 45 46 47 48 49 50 51 52 53 54 55 56 57 58 59 60 61 62 63 64 65 66 67 68 69 70 71 72 73 74 75 76 77 78 79 80 81 82 83 84 85 86 87 88 89 90 91 92 93
Case #87: 29377357957 7961264006158 15893150654359 832195
Case #88: 102030405060709 91011121314151618 181920212223242527 272829303132333436 363738394041424345 454647484950515254 545556575859606163 636465666768697072 727374757677787981 818283848586878890 909192939495969799 100
Case #89: 1
Case #90: 2 12
Case #91: 3710327447854 1339428208675034 2675146089902214 79183147516
Case #92: 573108 89977836 179382564 268787292 18198
Case #93: 2 104 206 308 410 512 614 716 818 920 1022 1124 1226 1328 1430 1532 1634 1736 1838 1940 2042 2144 2246 2348 2450
Case #94: 61 10330 20599 30868 41137 51406 61675 71944 82213 92482 102751 113020 123289 133558 143827 154096 164365 174634 184903 58
Case #95: 1
Case #96: 2 72 142 212 282 352 422 492 562 632 702 772 842 912 982 1052 1122
Case #97: 1
Case #98: 5100794956 3075779357915 6146457920874 9217136483833 12287815046792 15358493609751 18429172172710 21499850735669 24570529298628 27641207861587 30711886424546 33782564987505 643278
Case #99: 342392
Case #100: 28
