Case #1: 15 25
Case #2: 0 0
Case #3: 81 567
Case #4: 181 244
Case #5: 0 0
Case #6: 500 500
Case #7: 100 900
Case #8: 82 141
Case #9: 70 174
Case #10: 108 248
Case #11: 51 105
Case #12: 124 313
Case #13: 120 303
Case #14: 161 282
Case #15: 124 440
Case #16: 191 434
Case #17: 138 339
Case #18: 167 473
Case #19: 129 288
Case #20: 119 277
Case #21: 74 223
Case #22: 194 436
Case #23: 81 180
Case #24: 172 355
Case #25: 82 202
Case #26: 127 473
Case #27: 170 373
Case #28: 107 543
Case #29: 170 319
Case #30: 113 247
Case #31: 174 466
Case #32: 143 429
Case #33: 211 360
Case #34: 81 288
Case #35: 164 524
Case #36: 79 438
Case #37: 85 356
Case #38: 195 400
Case #39: 144 425
Case #40: 83 326
Case #41: 166 321
Case #42: 248 463
Case #43: 100 302
Case #44: 168 527
Case #45: 130 286
Case #46: 170 530
Case #47: 159 380
Case #48: 128 276
Case #49: 121 358
Case #50: 197 363
Case #51: 124 314
Case #52: 192 447
Case #53: 161 444
Case #54: 176 375
Case #55: 152 389
Case #56: 144 424
Case #57: 202 528
Case #58: 96 234
Case #59: 196 323
Case #60: 146 454
Case #61: 120 379
Case #62: 153 404
Case #63: 97 270
Case #64: 169 283
Case #65: 117 300
Case #66: 140 411
Case #67: 168 573
Case #68: 152 313
Case #69: 141 455
Case #70: 91 270
Case #71: 148 308
Case #72: 88 246
Case #73: 156 560
Case #74: 200 448
Case #75: 64 189
Case #76: 221 399
Case #77: 107 569
Case #78: 113 405
Case #79: 195 378
Case #80: 154 395
Case #81: 142 381
Case #82: 144 368
Case #83: 159 351
Case #84: 273 465
Case #85: 157 462
Case #86: 219 476
Case #87: 106 244
Case #88: 152 434
Case #89: 105 412
Case #90: 131 416
Case #91: 205 400
Case #92: 75 296
Case #93: 170 411
Case #94: 138 498
Case #95: 135 360
Case #96: 146 323
Case #97: 212 391
Case #98: 137 328
Case #99: 95 271
Case #100: 161 393
